
*** Running vivado
    with args -log interface.vds -m64 -product Vivado -mode batch -messageDb vivado.pb -notrace -source interface.tcl


****** Vivado v2023.2 (64-bit)
  **** SW Build 4029153 on Fri Oct 13 20:13:54 MDT 2023
  **** IP Build 4028589 on Sat Oct 14 00:45:43 MDT 2023
  **** SharedData Build 4025554 on Tue Oct 10 17:18:54 MDT 2023
    ** Copyright 1986-2022 Xilinx, Inc. All Rights Reserved.
    ** Copyright 2022-2023 Advanced Micro Devices, Inc. All Rights Reserved.

source interface.tcl -notrace
Command: read_checkpoint -auto_incremental -incremental /home/laperex/Programming/Vivado/uart/uart.srcs/utils_1/imports/synth_1/uart_tb.dcp
INFO: [Vivado 12-5825] Read reference checkpoint from /home/laperex/Programming/Vivado/uart/uart.srcs/utils_1/imports/synth_1/uart_tb.dcp for incremental synthesis
INFO: [Vivado 12-7989] Please ensure there are no constraint changes
Command: synth_design -top interface -part xc7a35tcpg236-1
Starting synth_design
Attempting to get a license for feature 'Synthesis' and/or device 'xc7a35t'
INFO: [Common 17-349] Got license for feature 'Synthesis' and/or device 'xc7a35t'
INFO: [Device 21-403] Loading part xc7a35tcpg236-1
INFO: [Designutils 20-5440] No compile time benefit to using incremental synthesis; A full resynthesis will be run
INFO: [Designutils 20-4379] Flow is switching to default flow due to incremental criteria not met. If you would like to alter this behaviour and have the flow terminate instead, please set the following parameter config_implementation {autoIncr.Synth.RejectBehavior Terminate}
INFO: [Synth 8-7079] Multithreading enabled for synth_design using a maximum of 4 processes.
INFO: [Synth 8-7078] Launching helper process for spawning children vivado processes
INFO: [Synth 8-7075] Helper process launched with PID 1172585
---------------------------------------------------------------------------------
Starting RTL Elaboration : Time (s): cpu = 00:00:02 ; elapsed = 00:00:02 . Memory (MB): peak = 2077.289 ; gain = 405.629 ; free physical = 3620 ; free virtual = 24539
---------------------------------------------------------------------------------
INFO: [Synth 8-6157] synthesizing module 'interface' [/home/laperex/Programming/Vivado/uart/uart.srcs/sources_1/new/interface.v:3]
INFO: [Synth 8-6157] synthesizing module 'm_uart_tx' [/home/laperex/Programming/Vivado/uart/uart.srcs/sources_1/new/uart.v:1]
	Parameter CLKS_PER_BIT bound to: 87 - type: integer 
INFO: [Synth 8-6155] done synthesizing module 'm_uart_tx' (0#1) [/home/laperex/Programming/Vivado/uart/uart.srcs/sources_1/new/uart.v:1]
INFO: [Synth 8-6155] done synthesizing module 'interface' (0#1) [/home/laperex/Programming/Vivado/uart/uart.srcs/sources_1/new/interface.v:3]
WARNING: [Synth 8-3917] design interface has port led[15] driven by constant 0
WARNING: [Synth 8-3917] design interface has port led[14] driven by constant 0
WARNING: [Synth 8-3917] design interface has port led[13] driven by constant 0
WARNING: [Synth 8-3917] design interface has port led[12] driven by constant 0
WARNING: [Synth 8-3917] design interface has port led[11] driven by constant 0
WARNING: [Synth 8-3917] design interface has port led[10] driven by constant 0
WARNING: [Synth 8-3917] design interface has port led[9] driven by constant 0
WARNING: [Synth 8-3917] design interface has port led[8] driven by constant 0
WARNING: [Synth 8-3917] design interface has port led[7] driven by constant 0
WARNING: [Synth 8-3917] design interface has port led[6] driven by constant 0
WARNING: [Synth 8-3917] design interface has port led[5] driven by constant 0
WARNING: [Synth 8-3917] design interface has port led[4] driven by constant 0
WARNING: [Synth 8-3917] design interface has port led[3] driven by constant 0
WARNING: [Synth 8-3917] design interface has port led[2] driven by constant 0
WARNING: [Synth 8-7129] Port uart_RX in module interface is either unconnected or has no load
---------------------------------------------------------------------------------
Finished RTL Elaboration : Time (s): cpu = 00:00:03 ; elapsed = 00:00:03 . Memory (MB): peak = 2153.227 ; gain = 481.566 ; free physical = 3527 ; free virtual = 24446
---------------------------------------------------------------------------------
---------------------------------------------------------------------------------
Start Handling Custom Attributes
---------------------------------------------------------------------------------
---------------------------------------------------------------------------------
Finished Handling Custom Attributes : Time (s): cpu = 00:00:03 ; elapsed = 00:00:03 . Memory (MB): peak = 2171.039 ; gain = 499.379 ; free physical = 3515 ; free virtual = 24434
---------------------------------------------------------------------------------
---------------------------------------------------------------------------------
Finished RTL Optimization Phase 1 : Time (s): cpu = 00:00:03 ; elapsed = 00:00:03 . Memory (MB): peak = 2171.039 ; gain = 499.379 ; free physical = 3515 ; free virtual = 24434
---------------------------------------------------------------------------------
Netlist sorting complete. Time (s): cpu = 00:00:00 ; elapsed = 00:00:00 . Memory (MB): peak = 2171.039 ; gain = 0.000 ; free physical = 3515 ; free virtual = 24434
INFO: [Project 1-570] Preparing netlist for logic optimization

Processing XDC Constraints
Initializing timing engine
Parsing XDC File [/home/laperex/Programming/Vivado/uart/uart.srcs/constrs_1/new/basys_3.xdc]
Finished Parsing XDC File [/home/laperex/Programming/Vivado/uart/uart.srcs/constrs_1/new/basys_3.xdc]
INFO: [Project 1-236] Implementation specific constraints were found while reading constraint file [/home/laperex/Programming/Vivado/uart/uart.srcs/constrs_1/new/basys_3.xdc]. These constraints will be ignored for synthesis but will be used in implementation. Impacted constraints are listed in the file [.Xil/interface_propImpl.xdc].
Resolution: To avoid this warning, move constraints listed in [.Xil/interface_propImpl.xdc] to another XDC file and exclude this new file from synthesis with the used_in_synthesis property (File Properties dialog in GUI) and re-run elaboration/synthesis.
Completed Processing XDC Constraints

Netlist sorting complete. Time (s): cpu = 00:00:00 ; elapsed = 00:00:00 . Memory (MB): peak = 2314.789 ; gain = 0.000 ; free physical = 3436 ; free virtual = 24354
INFO: [Project 1-111] Unisim Transformation Summary:
No Unisim elements were transformed.

Constraint Validation Runtime : Time (s): cpu = 00:00:00 ; elapsed = 00:00:00 . Memory (MB): peak = 2314.824 ; gain = 0.000 ; free physical = 3435 ; free virtual = 24354
INFO: [Designutils 20-5440] No compile time benefit to using incremental synthesis; A full resynthesis will be run
INFO: [Designutils 20-4379] Flow is switching to default flow due to incremental criteria not met. If you would like to alter this behaviour and have the flow terminate instead, please set the following parameter config_implementation {autoIncr.Synth.RejectBehavior Terminate}
---------------------------------------------------------------------------------
Finished Constraint Validation : Time (s): cpu = 00:00:06 ; elapsed = 00:00:06 . Memory (MB): peak = 2314.824 ; gain = 643.164 ; free physical = 3449 ; free virtual = 24368
---------------------------------------------------------------------------------
---------------------------------------------------------------------------------
Start Loading Part and Timing Information
---------------------------------------------------------------------------------
Loading part: xc7a35tcpg236-1
---------------------------------------------------------------------------------
Finished Loading Part and Timing Information : Time (s): cpu = 00:00:06 ; elapsed = 00:00:06 . Memory (MB): peak = 2314.824 ; gain = 643.164 ; free physical = 3449 ; free virtual = 24368
---------------------------------------------------------------------------------
---------------------------------------------------------------------------------
Start Applying 'set_property' XDC Constraints
---------------------------------------------------------------------------------
---------------------------------------------------------------------------------
Finished applying 'set_property' XDC Constraints : Time (s): cpu = 00:00:06 ; elapsed = 00:00:06 . Memory (MB): peak = 2314.824 ; gain = 643.164 ; free physical = 3449 ; free virtual = 24368
---------------------------------------------------------------------------------
---------------------------------------------------------------------------------
Finished RTL Optimization Phase 2 : Time (s): cpu = 00:00:06 ; elapsed = 00:00:06 . Memory (MB): peak = 2314.824 ; gain = 643.164 ; free physical = 3447 ; free virtual = 24369
---------------------------------------------------------------------------------
---------------------------------------------------------------------------------
Start RTL Component Statistics 
---------------------------------------------------------------------------------
Detailed RTL Component Info : 
+---Adders : 
	   2 Input    9 Bit       Adders := 1     
	   2 Input    8 Bit       Adders := 1     
+---Registers : 
	               10 Bit    Registers := 1     
	                9 Bit    Registers := 1     
	                8 Bit    Registers := 2     
	                1 Bit    Registers := 3     
+---Muxes : 
	   2 Input   10 Bit        Muxes := 1     
	   3 Input    9 Bit        Muxes := 1     
	   2 Input    9 Bit        Muxes := 1     
	   2 Input    1 Bit        Muxes := 4     
---------------------------------------------------------------------------------
Finished RTL Component Statistics 
---------------------------------------------------------------------------------
---------------------------------------------------------------------------------
Start Part Resource Summary
---------------------------------------------------------------------------------
Part Resources:
DSPs: 90 (col length:60)
BRAMs: 100 (col length: RAMB18 60 RAMB36 30)
---------------------------------------------------------------------------------
Finished Part Resource Summary
---------------------------------------------------------------------------------
---------------------------------------------------------------------------------
Start Cross Boundary and Area Optimization
---------------------------------------------------------------------------------
WARNING: [Synth 8-7080] Parallel synthesis criteria is not met
WARNING: [Synth 8-3917] design interface has port led[15] driven by constant 0
WARNING: [Synth 8-3917] design interface has port led[14] driven by constant 0
WARNING: [Synth 8-3917] design interface has port led[13] driven by constant 0
WARNING: [Synth 8-3917] design interface has port led[12] driven by constant 0
WARNING: [Synth 8-3917] design interface has port led[11] driven by constant 0
WARNING: [Synth 8-3917] design interface has port led[10] driven by constant 0
WARNING: [Synth 8-3917] design interface has port led[9] driven by constant 0
WARNING: [Synth 8-3917] design interface has port led[8] driven by constant 0
WARNING: [Synth 8-3917] design interface has port led[7] driven by constant 0
WARNING: [Synth 8-3917] design interface has port led[6] driven by constant 0
WARNING: [Synth 8-3917] design interface has port led[5] driven by constant 0
WARNING: [Synth 8-3917] design interface has port led[4] driven by constant 0
WARNING: [Synth 8-3917] design interface has port led[3] driven by constant 0
WARNING: [Synth 8-3917] design interface has port led[2] driven by constant 0
WARNING: [Synth 8-7129] Port uart_RX in module interface is either unconnected or has no load
---------------------------------------------------------------------------------
Finished Cross Boundary and Area Optimization : Time (s): cpu = 00:00:07 ; elapsed = 00:00:07 . Memory (MB): peak = 2314.824 ; gain = 643.164 ; free physical = 3443 ; free virtual = 24367
---------------------------------------------------------------------------------
---------------------------------------------------------------------------------
Start Applying XDC Timing Constraints
---------------------------------------------------------------------------------
---------------------------------------------------------------------------------
Finished Applying XDC Timing Constraints : Time (s): cpu = 00:00:09 ; elapsed = 00:00:09 . Memory (MB): peak = 2314.824 ; gain = 643.164 ; free physical = 3460 ; free virtual = 24379
---------------------------------------------------------------------------------
---------------------------------------------------------------------------------
Start Timing Optimization
---------------------------------------------------------------------------------
---------------------------------------------------------------------------------
Finished Timing Optimization : Time (s): cpu = 00:00:09 ; elapsed = 00:00:09 . Memory (MB): peak = 2314.824 ; gain = 643.164 ; free physical = 3460 ; free virtual = 24379
---------------------------------------------------------------------------------
---------------------------------------------------------------------------------
Start Technology Mapping
---------------------------------------------------------------------------------
---------------------------------------------------------------------------------
Finished Technology Mapping : Time (s): cpu = 00:00:09 ; elapsed = 00:00:09 . Memory (MB): peak = 2314.824 ; gain = 643.164 ; free physical = 3457 ; free virtual = 24376
---------------------------------------------------------------------------------
---------------------------------------------------------------------------------
Start IO Insertion
---------------------------------------------------------------------------------
---------------------------------------------------------------------------------
Start Flattening Before IO Insertion
---------------------------------------------------------------------------------
---------------------------------------------------------------------------------
Finished Flattening Before IO Insertion
---------------------------------------------------------------------------------
---------------------------------------------------------------------------------
Start Final Netlist Cleanup
---------------------------------------------------------------------------------
---------------------------------------------------------------------------------
Finished Final Netlist Cleanup
---------------------------------------------------------------------------------
---------------------------------------------------------------------------------
Finished IO Insertion : Time (s): cpu = 00:00:11 ; elapsed = 00:00:11 . Memory (MB): peak = 2314.824 ; gain = 643.164 ; free physical = 3469 ; free virtual = 24371
---------------------------------------------------------------------------------
---------------------------------------------------------------------------------
Start Renaming Generated Instances
---------------------------------------------------------------------------------
---------------------------------------------------------------------------------
Finished Renaming Generated Instances : Time (s): cpu = 00:00:11 ; elapsed = 00:00:11 . Memory (MB): peak = 2314.824 ; gain = 643.164 ; free physical = 3469 ; free virtual = 24371
---------------------------------------------------------------------------------
---------------------------------------------------------------------------------
Start Rebuilding User Hierarchy
---------------------------------------------------------------------------------
---------------------------------------------------------------------------------
Finished Rebuilding User Hierarchy : Time (s): cpu = 00:00:11 ; elapsed = 00:00:11 . Memory (MB): peak = 2314.824 ; gain = 643.164 ; free physical = 3469 ; free virtual = 24371
---------------------------------------------------------------------------------
---------------------------------------------------------------------------------
Start Renaming Generated Ports
---------------------------------------------------------------------------------
---------------------------------------------------------------------------------
Finished Renaming Generated Ports : Time (s): cpu = 00:00:11 ; elapsed = 00:00:11 . Memory (MB): peak = 2314.824 ; gain = 643.164 ; free physical = 3469 ; free virtual = 24371
---------------------------------------------------------------------------------
---------------------------------------------------------------------------------
Start Handling Custom Attributes
---------------------------------------------------------------------------------
---------------------------------------------------------------------------------
Finished Handling Custom Attributes : Time (s): cpu = 00:00:11 ; elapsed = 00:00:11 . Memory (MB): peak = 2314.824 ; gain = 643.164 ; free physical = 3469 ; free virtual = 24371
---------------------------------------------------------------------------------
---------------------------------------------------------------------------------
Start Renaming Generated Nets
---------------------------------------------------------------------------------
---------------------------------------------------------------------------------
Finished Renaming Generated Nets : Time (s): cpu = 00:00:11 ; elapsed = 00:00:11 . Memory (MB): peak = 2314.824 ; gain = 643.164 ; free physical = 3469 ; free virtual = 24371
---------------------------------------------------------------------------------
---------------------------------------------------------------------------------
Start Writing Synthesis Report
---------------------------------------------------------------------------------

Report BlackBoxes: 
+-+--------------+----------+
| |BlackBox name |Instances |
+-+--------------+----------+
+-+--------------+----------+

Report Cell Usage: 
+------+-------+------+
|      |Cell   |Count |
+------+-------+------+
|1     |BUFG   |     1|
|2     |CARRY4 |     4|
|3     |LUT1   |     2|
|4     |LUT2   |     5|
|5     |LUT3   |    15|
|6     |LUT4   |     7|
|7     |LUT5   |     7|
|8     |LUT6   |     9|
|9     |FDRE   |    52|
|10    |FDSE   |     1|
|11    |IBUF   |     2|
|12    |OBUF   |    17|
+------+-------+------+
---------------------------------------------------------------------------------
Finished Writing Synthesis Report : Time (s): cpu = 00:00:11 ; elapsed = 00:00:11 . Memory (MB): peak = 2314.824 ; gain = 643.164 ; free physical = 3469 ; free virtual = 24371
---------------------------------------------------------------------------------
Synthesis finished with 0 errors, 0 critical warnings and 16 warnings.
Synthesis Optimization Runtime : Time (s): cpu = 00:00:10 ; elapsed = 00:00:10 . Memory (MB): peak = 2314.824 ; gain = 499.379 ; free physical = 3468 ; free virtual = 24370
Synthesis Optimization Complete : Time (s): cpu = 00:00:11 ; elapsed = 00:00:11 . Memory (MB): peak = 2314.824 ; gain = 643.164 ; free physical = 3468 ; free virtual = 24370
INFO: [Project 1-571] Translating synthesized netlist
Netlist sorting complete. Time (s): cpu = 00:00:00 ; elapsed = 00:00:00 . Memory (MB): peak = 2314.824 ; gain = 0.000 ; free physical = 3468 ; free virtual = 24370
INFO: [Netlist 29-17] Analyzing 4 Unisim elements for replacement
INFO: [Netlist 29-28] Unisim Transformation completed in 0 CPU seconds
INFO: [Project 1-570] Preparing netlist for logic optimization
INFO: [Opt 31-138] Pushed 0 inverter(s) to 0 load pin(s).
Netlist sorting complete. Time (s): cpu = 00:00:00 ; elapsed = 00:00:00 . Memory (MB): peak = 2314.824 ; gain = 0.000 ; free physical = 3741 ; free virtual = 24643
INFO: [Project 1-111] Unisim Transformation Summary:
No Unisim elements were transformed.

Synth Design complete | Checksum: 22555d9b
INFO: [Common 17-83] Releasing license: Synthesis
25 Infos, 31 Warnings, 0 Critical Warnings and 0 Errors encountered.
synth_design completed successfully
synth_design: Time (s): cpu = 00:00:15 ; elapsed = 00:00:13 . Memory (MB): peak = 2314.824 ; gain = 971.203 ; free physical = 3736 ; free virtual = 24638
INFO: [Common 17-2834] synth_design peak Physical Memory [PSS] (MB): overall = 1937.097; main = 1601.498; forked = 385.696
INFO: [Common 17-2834] synth_design peak Virtual Memory [VSS] (MB): overall = 3267.812; main = 2314.793; forked = 985.035
Write ShapeDB Complete: Time (s): cpu = 00:00:00.01 ; elapsed = 00:00:00 . Memory (MB): peak = 2338.801 ; gain = 0.000 ; free physical = 3735 ; free virtual = 24637
INFO: [Common 17-1381] The checkpoint '/home/laperex/Programming/Vivado/uart/uart.runs/synth_1/interface.dcp' has been generated.
INFO: [runtcl-4] Executing : report_utilization -file interface_utilization_synth.rpt -pb interface_utilization_synth.pb
INFO: [Common 17-206] Exiting Vivado at Mon Apr 22 11:55:39 2024...
