Vivado Simulator v2023.2
Copyright 1986-2022 Xilinx, Inc. All Rights Reserved.
Copyright 2022-2023 Advanced Micro Devices, Inc. All Rights Reserved.
Running: /opt/Xilinx/Vivado/2023.2/bin/unwrapped/lnx64.o/xelab --incr --debug typical --relax --mt 8 -L xil_defaultlib -L unisims_ver -L unimacro_ver -L secureip --snapshot uart_tb_behav xil_defaultlib.uart_tb xil_defaultlib.glbl -log elaborate.log 
Using 8 slave threads.
Starting static elaboration
Pass Through NonSizing Optimizer
Completed static elaboration
Starting simulation data flow analysis
WARNING: [XSIM 43-4099] "/home/laperex/Programming/Vivado/uart/uart.srcs/sources_1/new/interface.v" Line 3. Module interface doesn't have a timescale but at least one module in design has a timescale.
WARNING: [XSIM 43-4099] "/home/laperex/Programming/Vivado/uart/uart.srcs/sources_1/new/uart.v" Line 1. Module m_uart_tx(CLKS_PER_BIT=830) doesn't have a timescale but at least one module in design has a timescale.
WARNING: [XSIM 43-4099] "/home/laperex/Programming/Vivado/uart/uart.srcs/sources_1/new/uart.v" Line 53. Module m_uart_rx(CLKS_PER_BIT=910) doesn't have a timescale but at least one module in design has a timescale.
WARNING: [XSIM 43-4099] "/home/laperex/Programming/Vivado/uart/uart.srcs/sources_1/new/interface.v" Line 3. Module interface doesn't have a timescale but at least one module in design has a timescale.
WARNING: [XSIM 43-4099] "/home/laperex/Programming/Vivado/uart/uart.srcs/sources_1/new/uart.v" Line 1. Module m_uart_tx(CLKS_PER_BIT=830) doesn't have a timescale but at least one module in design has a timescale.
WARNING: [XSIM 43-4099] "/home/laperex/Programming/Vivado/uart/uart.srcs/sources_1/new/uart.v" Line 53. Module m_uart_rx(CLKS_PER_BIT=910) doesn't have a timescale but at least one module in design has a timescale.
Completed simulation data flow analysis
Time Resolution for simulation is 1ps
Compiling module xil_defaultlib.m_uart_tx(CLKS_PER_BIT=830)
Compiling module xil_defaultlib.interface
Compiling module xil_defaultlib.m_uart_rx(CLKS_PER_BIT=910)
Compiling module xil_defaultlib.uart_tb
Compiling module xil_defaultlib.glbl
Built simulation snapshot uart_tb_behav
